Xilinx Platform Studio (XPS)
Xilinx EDK 14.7 Build EDK_P.20131013
Copyright (c) 1995-2012 Xilinx, Inc.  All rights reserved.

WARNING:EDK:1954 - No Top-level Input clock for the design. 
Assigned Driver gpio 3.01.a for instance axi_gpio_0
axi_gpio_0 has been added to the project
ERROR:EDK:4125 - IPNAME: axi_gpio, INSTANCE: axi_gpio_0, PARAMETER: C_BASEADDR - ASSIGNMENT=REQUIRE is defined in the MPD. You must specify a value in the MHS. 
ERROR:EDK:4125 - IPNAME: axi_gpio, INSTANCE: axi_gpio_0, PARAMETER: C_HIGHADDR - ASSIGNMENT=REQUIRE is defined in the MPD. You must specify a value in the MHS. 
WARNING:EDK:2137 - Peripheral axi_gpio_0 is not accessible from any processor in the system. Check Bus Interface connections and address parameters. 
Address Map for Processor microblaze_0
  (0000000000-0x0000ffff) microblaze_0_d_bram_ctrl	microblaze_0_dlmb
  (0000000000-0x0000ffff) microblaze_0_i_bram_ctrl	microblaze_0_ilmb
  (0x40000000-0x4000ffff) Button	axi4lite_0
  (0x40600000-0x4060ffff) RS232	axi4lite_0
  (0x41400000-0x4140ffff) debug_module	axi4lite_0
INFO:EDK - Use RS232 as reference
INFO:EDK - Connect bus interface S_AXI to axi4lite_0
INFO:EDK - Connect clock port S_AXI_ACLK to clk_100_0000MHz
INFO:EDK - External IO port grouping doneINFO:EDK - Generate address successfully
INFO:EDK - Successfully finished auto bus connection for IP instance: Button
Assigned Driver gpio 3.01.a for instance axi_gpio_0
axi_gpio_0 has been added to the project
ERROR:EDK:4125 - IPNAME: axi_gpio, INSTANCE: axi_gpio_0, PARAMETER: C_BASEADDR - ASSIGNMENT=REQUIRE is defined in the MPD. You must specify a value in the MHS. 
ERROR:EDK:4125 - IPNAME: axi_gpio, INSTANCE: axi_gpio_0, PARAMETER: C_HIGHADDR - ASSIGNMENT=REQUIRE is defined in the MPD. You must specify a value in the MHS. 
WARNING:EDK:2137 - Peripheral axi_gpio_0 is not accessible from any processor in the system. Check Bus Interface connections and address parameters. 
Address Map for Processor microblaze_0
  (0000000000-0x0000ffff) microblaze_0_d_bram_ctrl	microblaze_0_dlmb
  (0000000000-0x0000ffff) microblaze_0_i_bram_ctrl	microblaze_0_ilmb
  (0x40000000-0x4000ffff) Button	axi4lite_0
  (0x40040000-0x4004ffff) Switch	axi4lite_0
  (0x40600000-0x4060ffff) RS232	axi4lite_0
  (0x41400000-0x4140ffff) debug_module	axi4lite_0
INFO:EDK - Use Button as reference
INFO:EDK - Connect bus interface S_AXI to axi4lite_0
INFO:EDK - Connect clock port S_AXI_ACLK to clk_100_0000MHz
INFO:EDK - External IO port grouping doneINFO:EDK - Generate address successfully
INFO:EDK - Successfully finished auto bus connection for IP instance: Switch
Assigned Driver intc 2.06.a for instance axi_intc_0
axi_intc_0 has been added to the project
ERROR:EDK:4125 - IPNAME: axi_intc, INSTANCE: axi_intc_0, PARAMETER: C_BASEADDR - ASSIGNMENT=REQUIRE is defined in the MPD. You must specify a value in the MHS. 
ERROR:EDK:4125 - IPNAME: axi_intc, INSTANCE: axi_intc_0, PARAMETER: C_HIGHADDR - ASSIGNMENT=REQUIRE is defined in the MPD. You must specify a value in the MHS. 
WARNING:EDK:2137 - Peripheral axi_intc_0 is not accessible from any processor in the system. Check Bus Interface connections and address parameters. 
Address Map for Processor microblaze_0
  (0000000000-0x0000ffff) microblaze_0_d_bram_ctrl	microblaze_0_dlmb
  (0000000000-0x0000ffff) microblaze_0_i_bram_ctrl	microblaze_0_ilmb
  (0x40000000-0x4000ffff) Button	axi4lite_0
  (0x40040000-0x4004ffff) Switch	axi4lite_0
  (0x40600000-0x4060ffff) RS232	axi4lite_0
  (0x41200000-0x4120ffff) axi_intc_0	axi4lite_0
  (0x41400000-0x4140ffff) debug_module	axi4lite_0
INFO:EDK - Use Button as reference
INFO:EDK - Connect bus interface S_AXI to axi4lite_0
INFO:EDK - Connect clock port S_AXI_ACLK to clk_100_0000MHz
INFO:EDK - External IO port grouping doneINFO:EDK - Generate address successfully
INFO:EDK - Successfully finished auto bus connection for IP instance: axi_intc_0
Assigned Driver gpio 3.01.a for instance axi_gpio_0
axi_gpio_0 has been added to the project
ERROR:EDK:4125 - IPNAME: axi_gpio, INSTANCE: axi_gpio_0, PARAMETER: C_BASEADDR - ASSIGNMENT=REQUIRE is defined in the MPD. You must specify a value in the MHS. 
ERROR:EDK:4125 - IPNAME: axi_gpio, INSTANCE: axi_gpio_0, PARAMETER: C_HIGHADDR - ASSIGNMENT=REQUIRE is defined in the MPD. You must specify a value in the MHS. 
WARNING:EDK:2137 - Peripheral axi_gpio_0 is not accessible from any processor in the system. Check Bus Interface connections and address parameters. 
Address Map for Processor microblaze_0
  (0000000000-0x0000ffff) microblaze_0_d_bram_ctrl	microblaze_0_dlmb
  (0000000000-0x0000ffff) microblaze_0_i_bram_ctrl	microblaze_0_ilmb
  (0x40000000-0x4000ffff) Button	axi4lite_0
  (0x40040000-0x4004ffff) Switch	axi4lite_0
  (0x40080000-0x4008ffff) Seg	axi4lite_0
  (0x40600000-0x4060ffff) RS232	axi4lite_0
  (0x41200000-0x4120ffff) axi_intc_0	axi4lite_0
  (0x41400000-0x4140ffff) debug_module	axi4lite_0
INFO:EDK - Use Button as reference
INFO:EDK - Connect bus interface S_AXI to axi4lite_0
INFO:EDK - Connect clock port S_AXI_ACLK to clk_100_0000MHz
INFO:EDK - External IO port grouping doneINFO:EDK - Generate address successfully
INFO:EDK - Successfully finished auto bus connection for IP instance: Seg
Assigned Driver gpio 3.01.a for instance axi_gpio_0
axi_gpio_0 has been added to the project
ERROR:EDK:4125 - IPNAME: axi_gpio, INSTANCE: axi_gpio_0, PARAMETER: C_BASEADDR - ASSIGNMENT=REQUIRE is defined in the MPD. You must specify a value in the MHS. 
ERROR:EDK:4125 - IPNAME: axi_gpio, INSTANCE: axi_gpio_0, PARAMETER: C_HIGHADDR - ASSIGNMENT=REQUIRE is defined in the MPD. You must specify a value in the MHS. 
WARNING:EDK:2137 - Peripheral axi_gpio_0 is not accessible from any processor in the system. Check Bus Interface connections and address parameters. 
Address Map for Processor microblaze_0
  (0000000000-0x0000ffff) microblaze_0_d_bram_ctrl	microblaze_0_dlmb
  (0000000000-0x0000ffff) microblaze_0_i_bram_ctrl	microblaze_0_ilmb
  (0x40000000-0x4000ffff) Button	axi4lite_0
  (0x40040000-0x4004ffff) Switch	axi4lite_0
  (0x40080000-0x4008ffff) Seg	axi4lite_0
  (0x400c0000-0x400cffff) Led	axi4lite_0
  (0x40600000-0x4060ffff) RS232	axi4lite_0
  (0x41200000-0x4120ffff) axi_intc_0	axi4lite_0
  (0x41400000-0x4140ffff) debug_module	axi4lite_0
INFO:EDK - Use Button as reference
INFO:EDK - Connect bus interface S_AXI to axi4lite_0
INFO:EDK - Connect clock port S_AXI_ACLK to clk_100_0000MHz
INFO:EDK - External IO port grouping doneINFO:EDK - Generate address successfully
INFO:EDK - Successfully finished auto bus connection for IP instance: Led
Assigned Driver tmrctr 2.05.a for instance axi_timer_0
axi_timer_0 has been added to the project
ERROR:EDK:4125 - IPNAME: axi_timer, INSTANCE: axi_timer_0, PARAMETER: C_BASEADDR - ASSIGNMENT=REQUIRE is defined in the MPD. You must specify a value in the MHS. 
ERROR:EDK:4125 - IPNAME: axi_timer, INSTANCE: axi_timer_0, PARAMETER: C_HIGHADDR - ASSIGNMENT=REQUIRE is defined in the MPD. You must specify a value in the MHS. 
WARNING:EDK:2137 - Peripheral axi_timer_0 is not accessible from any processor in the system. Check Bus Interface connections and address parameters. 
Address Map for Processor microblaze_0
  (0000000000-0x0000ffff) microblaze_0_d_bram_ctrl	microblaze_0_dlmb
  (0000000000-0x0000ffff) microblaze_0_i_bram_ctrl	microblaze_0_ilmb
  (0x40000000-0x4000ffff) Button	axi4lite_0
  (0x40040000-0x4004ffff) Switch	axi4lite_0
  (0x40080000-0x4008ffff) Seg	axi4lite_0
  (0x400c0000-0x400cffff) Led	axi4lite_0
  (0x40600000-0x4060ffff) RS232	axi4lite_0
  (0x41200000-0x4120ffff) axi_intc_0	axi4lite_0
  (0x41400000-0x4140ffff) debug_module	axi4lite_0
  (0x41c00000-0x41c0ffff) axi_timer_0	axi4lite_0
INFO:EDK - Use Button as reference
INFO:EDK - Connect bus interface S_AXI to axi4lite_0
INFO:EDK - Connect clock port S_AXI_ACLK to clk_100_0000MHz
INFO:EDK - External IO port grouping doneINFO:EDK - Generate address successfully
INFO:EDK - Successfully finished auto bus connection for IP instance: axi_timer_0
Make instance Button port GPIO_IO_I external with net as port name
Instance Button port GPIO_IO_I connector undefined, using Button_GPIO_IO_I
Make instance Switch port GPIO_IO_I external with net as port name
Instance Switch port GPIO_IO_I connector undefined, using Switch_GPIO_IO_I
Overriding Xilinx file <TextEditor.cfg> with local file <C:/Xilinx/14.7/ISE_DS/EDK/data/TextEditor.cfg>
Led has been deleted from the project
Assigned Driver gpio 3.01.a for instance axi_gpio_0
axi_gpio_0 has been added to the project
ERROR:EDK:4125 - IPNAME: axi_gpio, INSTANCE: axi_gpio_0, PARAMETER: C_BASEADDR - ASSIGNMENT=REQUIRE is defined in the MPD. You must specify a value in the MHS. 
ERROR:EDK:4125 - IPNAME: axi_gpio, INSTANCE: axi_gpio_0, PARAMETER: C_HIGHADDR - ASSIGNMENT=REQUIRE is defined in the MPD. You must specify a value in the MHS. 
WARNING:EDK:2137 - Peripheral axi_gpio_0 is not accessible from any processor in the system. Check Bus Interface connections and address parameters. 
Address Map for Processor microblaze_0
  (0000000000-0x0000ffff) microblaze_0_d_bram_ctrl	microblaze_0_dlmb
  (0000000000-0x0000ffff) microblaze_0_i_bram_ctrl	microblaze_0_ilmb
  (0x40000000-0x4000ffff) Button	axi4lite_0
  (0x40040000-0x4004ffff) Switch	axi4lite_0
  (0x40080000-0x4008ffff) Seg	axi4lite_0
  (0x400c0000-0x400cffff) LED	axi4lite_0
  (0x40600000-0x4060ffff) RS232	axi4lite_0
  (0x41200000-0x4120ffff) axi_intc_0	axi4lite_0
  (0x41400000-0x4140ffff) debug_module	axi4lite_0
  (0x41c00000-0x41c0ffff) axi_timer_0	axi4lite_0
INFO:EDK - Use Button as reference
INFO:EDK - Connect bus interface S_AXI to axi4lite_0
INFO:EDK - Connect clock port S_AXI_ACLK to clk_100_0000MHz
INFO:EDK - External IO port grouping doneINFO:EDK - Generate address successfully
INFO:EDK - Successfully finished auto bus connection for IP instance: LED
Writing filter settings....
Done writing filter settings to:
	C:\SuperSystem\etc\system.filters
Done writing Tab View settings to:
	C:\SuperSystem\etc\system.gui
